<?xml version="1.0" encoding="UTF-8"?>
<!-- Generated by org.testng.reporters.JUnitReportReporter -->
<testsuite skipped="0" hostname="TImeLine.local" name="com.RahulShetty.TestngRunner.TestngRunner" tests="1" failures="0" timestamp="10 Oct 2016 16:19:28 GMT" time="7.548" errors="0">
  <testcase name="feature" time="7.548" classname="com.RahulShetty.TestngRunner.TestngRunner"/>
</testsuite> <!-- com.RahulShetty.TestngRunner.TestngRunner -->
