<?xml version="1.0" encoding="UTF-8"?>
<!-- Generated by org.testng.reporters.JUnitReportReporter -->
<testsuite skipped="0" hostname="TImeLine.local" name="com.RahulShetty.TestngRunner.TestngRunner" tests="1" failures="0" timestamp="10 Oct 2016 23:28:56 GMT" time="6.060" errors="0">
  <testcase name="feature" time="6.060" classname="com.RahulShetty.TestngRunner.TestngRunner"/>
</testsuite> <!-- com.RahulShetty.TestngRunner.TestngRunner -->
